\BOOKMARK [1][-]{section.1}{Základní pojmy IVT}{}% 1
\BOOKMARK [2][-]{subsection.1.1}{základní pojmy}{section.1}% 2
\BOOKMARK [2][-]{subsection.1.2}{Architektura počítače}{section.1}% 3
\BOOKMARK [2][-]{subsection.1.3}{převody dat}{section.1}% 4
\BOOKMARK [2][-]{subsection.1.4}{Meta}{section.1}% 5
\BOOKMARK [3][-]{subsubsection.1.4.1}{Zdroje}{subsection.1.4}% 6
\BOOKMARK [3][-]{subsubsection.1.4.2}{Pojmy}{subsection.1.4}% 7
\BOOKMARK [1][-]{section.2}{Historie\040PC}{}% 8
\BOOKMARK [2][-]{subsection.2.1}{Meta}{section.2}% 9
\BOOKMARK [3][-]{subsubsection.2.1.1}{Zdroje}{subsection.2.1}% 10
\BOOKMARK [3][-]{subsubsection.2.1.2}{Pojmy}{subsection.2.1}% 11
\BOOKMARK [1][-]{section.3}{Operační systémy}{}% 12
\BOOKMARK [2][-]{subsection.3.1}{poznámky z OV 29.04.20}{section.3}% 13
\BOOKMARK [3][-]{subsubsection.3.1.1}{Souborový systém}{subsection.3.1}% 14
\BOOKMARK [3][-]{subsubsection.3.1.2}{Příkazová řádka}{subsection.3.1}% 15
\BOOKMARK [2][-]{subsection.3.2}{Meta}{section.3}% 16
\BOOKMARK [3][-]{subsubsection.3.2.1}{Zdroje}{subsection.3.2}% 17
\BOOKMARK [3][-]{subsubsection.3.2.2}{Pojmy}{subsection.3.2}% 18
\BOOKMARK [1][-]{section.4}{Instalace OS unixového typu}{}% 19
\BOOKMARK [2][-]{subsection.4.1}{poznámky z OV 29.04.20}{section.4}% 20
\BOOKMARK [2][-]{subsection.4.2}{Meta}{section.4}% 21
\BOOKMARK [3][-]{subsubsection.4.2.1}{Zdroje}{subsection.4.2}% 22
\BOOKMARK [3][-]{subsubsection.4.2.2}{Pojmy}{subsection.4.2}% 23
\BOOKMARK [1][-]{section.5}{Práce s OS unixového typu}{}% 24
\BOOKMARK [2][-]{subsection.5.1}{Meta}{section.5}% 25
\BOOKMARK [3][-]{subsubsection.5.1.1}{Zdroje}{subsection.5.1}% 26
\BOOKMARK [3][-]{subsubsection.5.1.2}{Pojmy}{subsection.5.1}% 27
\BOOKMARK [1][-]{section.6}{Stavba\040PC,\040instalace\040a\040konfigurace\040OS}{}% 28
\BOOKMARK [2][-]{subsection.6.1}{Meta}{section.6}% 29
\BOOKMARK [3][-]{subsubsection.6.1.1}{Zdroje}{subsection.6.1}% 30
\BOOKMARK [3][-]{subsubsection.6.1.2}{Pojmy}{subsection.6.1}% 31
\BOOKMARK [1][-]{section.7}{HW počítače 1}{}% 32
\BOOKMARK [2][-]{subsection.7.1}{Poznámky z hodiny OV}{section.7}% 33
\BOOKMARK [2][-]{subsection.7.2}{Meta}{section.7}% 34
\BOOKMARK [3][-]{subsubsection.7.2.1}{Zdroje}{subsection.7.2}% 35
\BOOKMARK [3][-]{subsubsection.7.2.2}{Pojmy}{subsection.7.2}% 36
\BOOKMARK [1][-]{section.8}{HW počítače 2}{}% 37
\BOOKMARK [2][-]{subsection.8.1}{Meta}{section.8}% 38
\BOOKMARK [3][-]{subsubsection.8.1.1}{Zdroje}{subsection.8.1}% 39
\BOOKMARK [3][-]{subsubsection.8.1.2}{Pojmy}{subsection.8.1}% 40
\BOOKMARK [1][-]{section.9}{Algoritmizace}{}% 41
\BOOKMARK [2][-]{subsection.9.1}{Meta}{section.9}% 42
\BOOKMARK [3][-]{subsubsection.9.1.1}{Zdroje}{subsection.9.1}% 43
\BOOKMARK [3][-]{subsubsection.9.1.2}{Pojmy}{subsection.9.1}% 44
\BOOKMARK [1][-]{section.10}{Strukturované programování}{}% 45
\BOOKMARK [2][-]{subsection.10.1}{Meta}{section.10}% 46
\BOOKMARK [3][-]{subsubsection.10.1.1}{Zdroje}{subsection.10.1}% 47
\BOOKMARK [3][-]{subsubsection.10.1.2}{Pojmy}{subsection.10.1}% 48
\BOOKMARK [1][-]{section.11}{Objektově orientované programování}{}% 49
\BOOKMARK [2][-]{subsection.11.1}{Poznámky z hodiny OV}{section.11}% 50
\BOOKMARK [2][-]{subsection.11.2}{Meta}{section.11}% 51
\BOOKMARK [3][-]{subsubsection.11.2.1}{Zdroje}{subsection.11.2}% 52
\BOOKMARK [3][-]{subsubsection.11.2.2}{Pojmy}{subsection.11.2}% 53
\BOOKMARK [1][-]{section.12}{Počítačové sítě}{}% 54
\BOOKMARK [2][-]{subsection.12.1}{Meta}{section.12}% 55
\BOOKMARK [3][-]{subsubsection.12.1.1}{Zdroje}{subsection.12.1}% 56
\BOOKMARK [3][-]{subsubsection.12.1.2}{Pojmy}{subsection.12.1}% 57
\BOOKMARK [1][-]{section.13}{Internet}{}% 58
\BOOKMARK [2][-]{subsection.13.1}{historie}{section.13}% 59
\BOOKMARK [2][-]{subsection.13.2}{Služby internetu}{section.13}% 60
\BOOKMARK [2][-]{subsection.13.3}{Autorská práva}{section.13}% 61
\BOOKMARK [2][-]{subsection.13.4}{Meta}{section.13}% 62
\BOOKMARK [3][-]{subsubsection.13.4.1}{Zdroje}{subsection.13.4}% 63
\BOOKMARK [3][-]{subsubsection.13.4.2}{Pojmy}{subsection.13.4}% 64
\BOOKMARK [1][-]{section.14}{Internetové technologie}{}% 65
\BOOKMARK [2][-]{subsection.14.1}{Zápis kódu}{section.14}% 66
\BOOKMARK [2][-]{subsection.14.2}{Meta}{section.14}% 67
\BOOKMARK [3][-]{subsubsection.14.2.1}{Zdroje}{subsection.14.2}% 68
\BOOKMARK [3][-]{subsubsection.14.2.2}{Pojmy}{subsection.14.2}% 69
\BOOKMARK [1][-]{section.15}{Databázové systémy}{}% 70
\BOOKMARK [2][-]{subsection.15.1}{Meta}{section.15}% 71
\BOOKMARK [3][-]{subsubsection.15.1.1}{Zdroje}{subsection.15.1}% 72
\BOOKMARK [3][-]{subsubsection.15.1.2}{Pojmy}{subsection.15.1}% 73
\BOOKMARK [1][-]{section.16}{Multimedia \(digitální zvuk, fotografie a video\)}{}% 74
\BOOKMARK [2][-]{subsection.16.1}{poznámky z OV}{section.16}% 75
\BOOKMARK [2][-]{subsection.16.2}{Meta}{section.16}% 76
\BOOKMARK [3][-]{subsubsection.16.2.1}{Zdroje}{subsection.16.2}% 77
\BOOKMARK [3][-]{subsubsection.16.2.2}{Pojmy}{subsection.16.2}% 78
\BOOKMARK [1][-]{section.17}{Prezentační software}{}% 79
\BOOKMARK [2][-]{subsection.17.1}{prezentační software}{section.17}% 80
\BOOKMARK [2][-]{subsection.17.2}{Praktická část}{section.17}% 81
\BOOKMARK [2][-]{subsection.17.3}{Prezentační dovednosti}{section.17}% 82
\BOOKMARK [2][-]{subsection.17.4}{Meta}{section.17}% 83
\BOOKMARK [3][-]{subsubsection.17.4.1}{Zdroje}{subsection.17.4}% 84
\BOOKMARK [3][-]{subsubsection.17.4.2}{Pojmy}{subsection.17.4}% 85
\BOOKMARK [1][-]{section.18}{Moderní trendy v IT. Používání moderních systémů komunikace.}{}% 86
\BOOKMARK [2][-]{subsection.18.1}{Poznámky z OV}{section.18}% 87
\BOOKMARK [2][-]{subsection.18.2}{Meta}{section.18}% 88
\BOOKMARK [3][-]{subsubsection.18.2.1}{Zdroje}{subsection.18.2}% 89
\BOOKMARK [3][-]{subsubsection.18.2.2}{Pojmy}{subsection.18.2}% 90
\BOOKMARK [1][-]{section.19}{Bitmapový grafický editor}{}% 91
\BOOKMARK [2][-]{subsection.19.1}{Otázky}{section.19}% 92
\BOOKMARK [3][-]{subsubsection.19.1.1}{Bitmapový grafický editor}{subsection.19.1}% 93
\BOOKMARK [3][-]{subsubsection.19.1.2}{Filtry a úprava}{subsection.19.1}% 94
\BOOKMARK [2][-]{subsection.19.2}{Meta}{section.19}% 95
\BOOKMARK [3][-]{subsubsection.19.2.1}{Zdroje}{subsection.19.2}% 96
\BOOKMARK [3][-]{subsubsection.19.2.2}{Pojmy}{subsection.19.2}% 97
\BOOKMARK [1][-]{section.20}{Vektorový grafický editor}{}% 98
\BOOKMARK [2][-]{subsection.20.1}{Praktická část}{section.20}% 99
\BOOKMARK [2][-]{subsection.20.2}{Meta}{section.20}% 100
\BOOKMARK [3][-]{subsubsection.20.2.1}{Zdroje}{subsection.20.2}% 101
\BOOKMARK [3][-]{subsubsection.20.2.2}{Pojmy}{subsection.20.2}% 102
\BOOKMARK [1][-]{section.21}{Textový procesor 1}{}% 103
\BOOKMARK [2][-]{subsection.21.1}{poznámky z OV}{section.21}% 104
\BOOKMARK [2][-]{subsection.21.2}{Meta}{section.21}% 105
\BOOKMARK [3][-]{subsubsection.21.2.1}{Zdroje}{subsection.21.2}% 106
\BOOKMARK [3][-]{subsubsection.21.2.2}{Pojmy}{subsection.21.2}% 107
\BOOKMARK [1][-]{section.22}{Textový procesor 2}{}% 108
\BOOKMARK [2][-]{subsection.22.1}{poznámky z OV}{section.22}% 109
\BOOKMARK [2][-]{subsection.22.2}{Meta}{section.22}% 110
\BOOKMARK [3][-]{subsubsection.22.2.1}{Zdroje}{subsection.22.2}% 111
\BOOKMARK [3][-]{subsubsection.22.2.2}{Pojmy}{subsection.22.2}% 112
\BOOKMARK [1][-]{section.23}{Tabulkové kalkulátory 1}{}% 113
\BOOKMARK [2][-]{subsection.23.1}{Meta}{section.23}% 114
\BOOKMARK [3][-]{subsubsection.23.1.1}{Zdroje}{subsection.23.1}% 115
\BOOKMARK [3][-]{subsubsection.23.1.2}{Pojmy}{subsection.23.1}% 116
\BOOKMARK [1][-]{section.24}{Tabulkové kalkulátory 2}{}% 117
\BOOKMARK [2][-]{subsection.24.1}{Meta}{section.24}% 118
\BOOKMARK [3][-]{subsubsection.24.1.1}{Zdroje}{subsection.24.1}% 119
\BOOKMARK [3][-]{subsubsection.24.1.2}{Pojmy}{subsection.24.1}% 120
