\BOOKMARK [2][-]{subsection.0.1}{Meta}{}% 1
\BOOKMARK [3][-]{subsubsection.0.1.1}{Verze}{subsection.0.1}% 2
\BOOKMARK [1][-]{section.1}{Základní pojmy IVT}{}% 3
\BOOKMARK [2][-]{subsection.1.1}{základní pojmy}{section.1}% 4
\BOOKMARK [2][-]{subsection.1.2}{Architektura počítače}{section.1}% 5
\BOOKMARK [2][-]{subsection.1.3}{převody dat}{section.1}% 6
\BOOKMARK [2][-]{subsection.1.4}{Meta}{section.1}% 7
\BOOKMARK [3][-]{subsubsection.1.4.1}{Zdroje}{subsection.1.4}% 8
\BOOKMARK [3][-]{subsubsection.1.4.2}{Pojmy}{subsection.1.4}% 9
\BOOKMARK [1][-]{section.2}{Historie\040PC}{}% 10
\BOOKMARK [2][-]{subsection.2.1}{GIMP}{section.2}% 11
\BOOKMARK [2][-]{subsection.2.2}{Meta}{section.2}% 12
\BOOKMARK [3][-]{subsubsection.2.2.1}{Zdroje}{subsection.2.2}% 13
\BOOKMARK [3][-]{subsubsection.2.2.2}{Pojmy}{subsection.2.2}% 14
\BOOKMARK [1][-]{section.3}{Operační systémy}{}% 15
\BOOKMARK [2][-]{subsection.3.1}{Ergonomie}{section.3}% 16
\BOOKMARK [2][-]{subsection.3.2}{poznámky z OV 29.04.20}{section.3}% 17
\BOOKMARK [3][-]{subsubsection.3.2.1}{Souborový systém}{subsection.3.2}% 18
\BOOKMARK [3][-]{subsubsection.3.2.2}{Příkazová řádka}{subsection.3.2}% 19
\BOOKMARK [2][-]{subsection.3.3}{Meta}{section.3}% 20
\BOOKMARK [3][-]{subsubsection.3.3.1}{Zdroje}{subsection.3.3}% 21
\BOOKMARK [3][-]{subsubsection.3.3.2}{Pojmy}{subsection.3.3}% 22
\BOOKMARK [1][-]{section.4}{Instalace OS unixového typu}{}% 23
\BOOKMARK [2][-]{subsection.4.1}{poznámky z OV 29.04.20}{section.4}% 24
\BOOKMARK [2][-]{subsection.4.2}{Meta}{section.4}% 25
\BOOKMARK [3][-]{subsubsection.4.2.1}{Zdroje}{subsection.4.2}% 26
\BOOKMARK [3][-]{subsubsection.4.2.2}{Pojmy}{subsection.4.2}% 27
\BOOKMARK [1][-]{section.5}{Práce s OS unixového typu}{}% 28
\BOOKMARK [2][-]{subsection.5.1}{Meta}{section.5}% 29
\BOOKMARK [3][-]{subsubsection.5.1.1}{Zdroje}{subsection.5.1}% 30
\BOOKMARK [3][-]{subsubsection.5.1.2}{Pojmy}{subsection.5.1}% 31
\BOOKMARK [1][-]{section.6}{Stavba\040PC,\040instalace\040a\040konfigurace\040OS}{}% 32
\BOOKMARK [2][-]{subsection.6.1}{Meta}{section.6}% 33
\BOOKMARK [3][-]{subsubsection.6.1.1}{Zdroje}{subsection.6.1}% 34
\BOOKMARK [3][-]{subsubsection.6.1.2}{Pojmy}{subsection.6.1}% 35
\BOOKMARK [1][-]{section.7}{HW počítače 1}{}% 36
\BOOKMARK [2][-]{subsection.7.1}{Poznámky z hodiny OV}{section.7}% 37
\BOOKMARK [2][-]{subsection.7.2}{Meta}{section.7}% 38
\BOOKMARK [3][-]{subsubsection.7.2.1}{Zdroje}{subsection.7.2}% 39
\BOOKMARK [3][-]{subsubsection.7.2.2}{Pojmy}{subsection.7.2}% 40
\BOOKMARK [1][-]{section.8}{HW počítače 2}{}% 41
\BOOKMARK [2][-]{subsection.8.1}{Tiskárny}{section.8}% 42
\BOOKMARK [2][-]{subsection.8.2}{Monitory}{section.8}% 43
\BOOKMARK [2][-]{subsection.8.3}{Kamery a foťáky}{section.8}% 44
\BOOKMARK [2][-]{subsection.8.4}{Meta}{section.8}% 45
\BOOKMARK [3][-]{subsubsection.8.4.1}{Zdroje}{subsection.8.4}% 46
\BOOKMARK [3][-]{subsubsection.8.4.2}{Pojmy}{subsection.8.4}% 47
\BOOKMARK [1][-]{section.9}{Algoritmizace}{}% 48
\BOOKMARK [2][-]{subsection.9.1}{Meta}{section.9}% 49
\BOOKMARK [3][-]{subsubsection.9.1.1}{Zdroje}{subsection.9.1}% 50
\BOOKMARK [3][-]{subsubsection.9.1.2}{Pojmy}{subsection.9.1}% 51
\BOOKMARK [1][-]{section.10}{Strukturované programování}{}% 52
\BOOKMARK [2][-]{subsection.10.1}{Meta}{section.10}% 53
\BOOKMARK [3][-]{subsubsection.10.1.1}{Zdroje}{subsection.10.1}% 54
\BOOKMARK [3][-]{subsubsection.10.1.2}{Pojmy}{subsection.10.1}% 55
\BOOKMARK [1][-]{section.11}{Objektově orientované programování}{}% 56
\BOOKMARK [2][-]{subsection.11.1}{Poznámky z hodiny OV}{section.11}% 57
\BOOKMARK [2][-]{subsection.11.2}{Meta}{section.11}% 58
\BOOKMARK [3][-]{subsubsection.11.2.1}{Zdroje}{subsection.11.2}% 59
\BOOKMARK [3][-]{subsubsection.11.2.2}{Pojmy}{subsection.11.2}% 60
\BOOKMARK [1][-]{section.12}{Počítačové sítě}{}% 61
\BOOKMARK [2][-]{subsection.12.1}{Meta}{section.12}% 62
\BOOKMARK [3][-]{subsubsection.12.1.1}{Zdroje}{subsection.12.1}% 63
\BOOKMARK [3][-]{subsubsection.12.1.2}{Pojmy}{subsection.12.1}% 64
\BOOKMARK [1][-]{section.13}{Internet}{}% 65
\BOOKMARK [2][-]{subsection.13.1}{historie}{section.13}% 66
\BOOKMARK [2][-]{subsection.13.2}{Služby internetu}{section.13}% 67
\BOOKMARK [2][-]{subsection.13.3}{Autorská práva}{section.13}% 68
\BOOKMARK [2][-]{subsection.13.4}{Meta}{section.13}% 69
\BOOKMARK [3][-]{subsubsection.13.4.1}{Zdroje}{subsection.13.4}% 70
\BOOKMARK [3][-]{subsubsection.13.4.2}{Pojmy}{subsection.13.4}% 71
\BOOKMARK [1][-]{section.14}{Internetové technologie}{}% 72
\BOOKMARK [2][-]{subsection.14.1}{Zápis kódu}{section.14}% 73
\BOOKMARK [2][-]{subsection.14.2}{Meta}{section.14}% 74
\BOOKMARK [3][-]{subsubsection.14.2.1}{Zdroje}{subsection.14.2}% 75
\BOOKMARK [3][-]{subsubsection.14.2.2}{Pojmy}{subsection.14.2}% 76
\BOOKMARK [1][-]{section.15}{Databázové systémy}{}% 77
\BOOKMARK [2][-]{subsection.15.1}{Meta}{section.15}% 78
\BOOKMARK [3][-]{subsubsection.15.1.1}{Zdroje}{subsection.15.1}% 79
\BOOKMARK [3][-]{subsubsection.15.1.2}{Pojmy}{subsection.15.1}% 80
\BOOKMARK [1][-]{section.16}{Multimedia \(digitální zvuk, fotografie a video\)}{}% 81
\BOOKMARK [2][-]{subsection.16.1}{poznámky z OV}{section.16}% 82
\BOOKMARK [2][-]{subsection.16.2}{Meta}{section.16}% 83
\BOOKMARK [3][-]{subsubsection.16.2.1}{Zdroje}{subsection.16.2}% 84
\BOOKMARK [3][-]{subsubsection.16.2.2}{Pojmy}{subsection.16.2}% 85
\BOOKMARK [1][-]{section.17}{Prezentační software}{}% 86
\BOOKMARK [2][-]{subsection.17.1}{prezentační software}{section.17}% 87
\BOOKMARK [2][-]{subsection.17.2}{Praktická část}{section.17}% 88
\BOOKMARK [2][-]{subsection.17.3}{Prezentační dovednosti}{section.17}% 89
\BOOKMARK [2][-]{subsection.17.4}{Meta}{section.17}% 90
\BOOKMARK [3][-]{subsubsection.17.4.1}{Zdroje}{subsection.17.4}% 91
\BOOKMARK [3][-]{subsubsection.17.4.2}{Pojmy}{subsection.17.4}% 92
\BOOKMARK [1][-]{section.18}{Moderní trendy v IT. Používání moderních systémů komunikace.}{}% 93
\BOOKMARK [2][-]{subsection.18.1}{Poznámky z OV}{section.18}% 94
\BOOKMARK [2][-]{subsection.18.2}{Meta}{section.18}% 95
\BOOKMARK [3][-]{subsubsection.18.2.1}{Zdroje}{subsection.18.2}% 96
\BOOKMARK [3][-]{subsubsection.18.2.2}{Pojmy}{subsection.18.2}% 97
\BOOKMARK [1][-]{section.19}{Bitmapový grafický editor}{}% 98
\BOOKMARK [2][-]{subsection.19.1}{Otázky}{section.19}% 99
\BOOKMARK [3][-]{subsubsection.19.1.1}{Bitmapový grafický editor}{subsection.19.1}% 100
\BOOKMARK [3][-]{subsubsection.19.1.2}{Filtry a úprava}{subsection.19.1}% 101
\BOOKMARK [2][-]{subsection.19.2}{Meta}{section.19}% 102
\BOOKMARK [3][-]{subsubsection.19.2.1}{Zdroje}{subsection.19.2}% 103
\BOOKMARK [3][-]{subsubsection.19.2.2}{Pojmy}{subsection.19.2}% 104
\BOOKMARK [1][-]{section.20}{Vektorový grafický editor}{}% 105
\BOOKMARK [2][-]{subsection.20.1}{Praktická část}{section.20}% 106
\BOOKMARK [2][-]{subsection.20.2}{Meta}{section.20}% 107
\BOOKMARK [3][-]{subsubsection.20.2.1}{Zdroje}{subsection.20.2}% 108
\BOOKMARK [3][-]{subsubsection.20.2.2}{Pojmy}{subsection.20.2}% 109
\BOOKMARK [1][-]{section.21}{Textový procesor 1}{}% 110
\BOOKMARK [2][-]{subsection.21.1}{poznámky z OV}{section.21}% 111
\BOOKMARK [2][-]{subsection.21.2}{Meta}{section.21}% 112
\BOOKMARK [3][-]{subsubsection.21.2.1}{Zdroje}{subsection.21.2}% 113
\BOOKMARK [3][-]{subsubsection.21.2.2}{Pojmy}{subsection.21.2}% 114
\BOOKMARK [1][-]{section.22}{Textový procesor 2}{}% 115
\BOOKMARK [2][-]{subsection.22.1}{poznámky z OV}{section.22}% 116
\BOOKMARK [2][-]{subsection.22.2}{Meta}{section.22}% 117
\BOOKMARK [3][-]{subsubsection.22.2.1}{Zdroje}{subsection.22.2}% 118
\BOOKMARK [3][-]{subsubsection.22.2.2}{Pojmy}{subsection.22.2}% 119
\BOOKMARK [1][-]{section.23}{Tabulkové kalkulátory 1}{}% 120
\BOOKMARK [2][-]{subsection.23.1}{Meta}{section.23}% 121
\BOOKMARK [3][-]{subsubsection.23.1.1}{Zdroje}{subsection.23.1}% 122
\BOOKMARK [3][-]{subsubsection.23.1.2}{Pojmy}{subsection.23.1}% 123
\BOOKMARK [1][-]{section.24}{Tabulkové kalkulátory 2}{}% 124
\BOOKMARK [2][-]{subsection.24.1}{Meta}{section.24}% 125
\BOOKMARK [3][-]{subsubsection.24.1.1}{Zdroje}{subsection.24.1}% 126
\BOOKMARK [3][-]{subsubsection.24.1.2}{Pojmy}{subsection.24.1}% 127
